<?xml version="1.0" encoding="UTF-8"?>
<!-- Generated by org.testng.reporters.JUnitReportReporter -->
<testsuite skipped="0" hostname="VISHNU-EM27NE8" name="com.NewTest" tests="1" failures="0" timestamp="24 Nov 2016 16:22:13 GMT" time="10.566" errors="0">
  <testcase name="f" time="10.566" classname="com.NewTest"/>
</testsuite> <!-- com.NewTest -->
